timestep	potential_energy	translational_kinetic_energy	rotational_kinetic_energy
0	-1102.877766	0	0
100	-695.6429225	50.36339027	134.187996
200	-447.3737249	115.6359742	216.0306422
300	-235.8227739	181.8285947	291.1362196
400	-100.528913	267.1632175	324.8569656
500	-86.58563015	320.6350148	294.7643057
600	-176.3739547	329.1408398	320.0415492
700	-254.9996665	328.0327486	321.152125
800	-323.9006869	349.9020083	339.8701242
900	-477.7585066	339.7162927	371.2170759
1000	-572.060912	347.46977	343.0769814
1100	-687.188724	329.3628734	340.8281594
1200	-698.9184617	328.6214397	316.4483978
1300	-723.3719139	355.8741185	319.3133336
1400	-734.5125932	336.2966927	320.1788562
1500	-739.6911461	320.1713559	336.7985897
1600	-728.4920676	309.2368295	309.587481
1700	-750.9993314	298.8894448	302.0751411
1800	-782.696641	308.1785548	307.8448572
1900	-826.5907347	306.8648853	342.2443073
2000	-835.6125877	294.6650142	320.2058281
2100	-837.4744654	311.4613668	304.245337
2200	-830.5067031	291.7514003	273.4588278
2300	-871.9814947	296.4522275	276.8067665
2400	-856.8918511	320.0963257	287.8879492
2500	-838.6253218	304.6701817	286.0144662
2600	-853.5799261	313.6905492	308.3888821
2700	-900.2960458	323.1411202	297.6878057
2800	-934.2819829	328.7590409	288.1060968
2900	-950.9749749	320.6261269	291.7274108
3000	-909.425896	287.8441448	292.3194004
3100	-913.9722913	275.0379977	300.7189822
3200	-919.1882924	288.3806596	281.1667871
3300	-961.1225851	300.1194948	345.2042432
3400	-934.9027496	291.3834488	305.8716764
3500	-927.549351	297.9582899	302.3410892
3600	-937.3684883	280.335592	296.668168
3700	-923.1277545	275.3097971	295.1890047
3800	-934.4451622	308.4666989	298.3374567
3900	-947.4313612	295.4191186	311.0143022
4000	-952.272215	281.6692458	302.525861
4100	-970.0111839	279.144148	287.822756
4200	-971.6971248	273.9317762	314.8800191
4300	-951.6148556	290.8968216	278.4337154
4400	-976.516475	301.1918887	278.0930173
4500	-979.3208868	296.5512084	292.5791004
4600	-981.5699201	299.5507201	279.5073117
4700	-999.1457194	297.4899991	304.313951
4800	-1013.721256	300.2790737	307.5004869
4900	-1052.162657	335.4242507	303.0818579
5000	-1031.553644	298.0508927	322.7929408
5100	-1048.849219	285.9599019	297.8753431
5200	-1066.212164	294.8572796	294.3816737
5300	-1046.237733	278.6408571	289.2792131
5400	-1054.986448	283.4196931	289.4263341
5500	-1074.574914	282.9120519	265.2213453
5600	-1115.897926	303.046123	259.5661917
5700	-1079.061274	271.1878941	282.3423028
5800	-1096.577602	290.6856304	300.9666974
5900	-1120.295917	278.2746989	294.0726662
6000	-1124.672318	287.4312442	265.4839514
6100	-1159.189914	286.72715	303.159768
6200	-1164.470476	303.3746368	274.7058595
6300	-1190.443822	307.9590315	278.5793332
6400	-1190.075591	271.2095389	276.8812728
6500	-1195.291184	288.9981662	263.1438197
6600	-1232.017975	296.0582939	284.3282897
6700	-1235.226548	276.6635323	276.106321
6800	-1228.334782	265.1448296	283.6906181
6900	-1224.787499	274.7339543	271.5972761
7000	-1184.068383	266.7992016	286.9025021
7100	-1209.759423	289.87453	297.870482
7200	-1216.970106	296.8937168	307.354265
7300	-1208.092725	289.3236773	270.5240055
7400	-1203.35079	283.9194894	275.0893066
7500	-1261.779415	292.4564115	290.6207614
7600	-1255.798003	273.3362219	289.4891713
7700	-1247.181951	267.3315599	289.8614161
7800	-1272.825315	319.2717662	275.6161732
7900	-1277.437489	309.194434	285.9722954
8000	-1294.018486	294.2936437	309.2851432
8100	-1307.804362	293.1161742	301.913306
8200	-1330.932027	282.0913621	273.7576666
8300	-1325.805389	291.3875156	313.8116722
8400	-1320.058008	280.4448849	296.3402043
8500	-1330.087117	279.9156803	284.1550395
8600	-1353.046417	281.8607406	294.3652936
8700	-1352.809723	297.1750283	295.0717418
8800	-1353.587325	284.4329719	269.6064384
8900	-1349.379407	272.4705951	273.4065937
9000	-1391.03466	290.7307393	294.6910368
9100	-1425.001648	289.9677571	299.9969763
9200	-1382.863074	289.2377169	310.0402633
9300	-1396.470021	282.854598	268.1153283
9400	-1404.855094	266.3492405	287.6585962
9500	-1430.321623	298.3477962	302.9561585
9600	-1417.427341	288.0752225	292.5479647
9700	-1460.265857	286.0341025	292.4232422
9800	-1461.553913	285.9264813	295.4311683
9900	-1419.656161	292.70178	286.9513904
10000	-1476.247025	330.2335462	307.1229613
10100	-1419.046542	307.6706059	280.4726781
10200	-1474.378581	329.5933341	288.7649119
10300	-1468.725455	324.4616757	282.6588715
10400	-1492.638612	336.345646	279.1392599
10500	-1502.812523	299.4217129	315.0127422
10600	-1530.525244	298.4326027	296.199847
10700	-1550.740858	304.6786653	287.5979582
10800	-1478.472999	268.0467497	269.9263834
10900	-1475.725738	288.0285585	270.8265922
11000	-1480.230012	288.335408	279.5612495
11100	-1518.747482	270.0294588	296.3259308
11200	-1497.704715	281.69106	311.2988609
11300	-1532.56682	303.7709001	304.4901034
11400	-1532.556926	287.7900076	288.6876207
11500	-1557.129937	294.2912216	279.3311987
11600	-1538.424321	301.1994633	297.4167354
11700	-1561.603726	301.5764742	311.3577855
11800	-1617.815817	303.0339989	318.9950435
11900	-1614.795799	332.3185604	288.9716288
12000	-1636.154908	307.0989694	286.1931887
12100	-1643.801961	307.5276659	296.2136051
12200	-1612.970989	304.9025685	293.7286395
12300	-1580.482709	272.3858038	324.3066864
12400	-1599.937119	283.5227892	310.4916188
12500	-1625.0601	287.2183843	313.5793504
12600	-1657.496269	300.0596546	301.7477734
12700	-1665.743669	306.4096578	282.0417894
12800	-1669.187903	273.9104574	279.3740027
12900	-1658.053555	323.7132051	275.837936
13000	-1682.013813	324.9012762	272.8773954
13100	-1685.194078	302.5024786	288.534317
13200	-1687.525605	296.7495435	296.5822666
13300	-1714.3303	324.590472	293.1974889
13400	-1769.614404	319.2210598	311.5415319
13500	-1713.413415	319.6422641	252.8178318
13600	-1782.862194	301.0413661	315.7072151
13700	-1716.035421	277.4344009	299.5381832
13800	-1759.696199	283.8734708	297.019232
13900	-1776.915514	309.5883786	293.416659
14000	-1693.81471	297.4509086	284.6864449
14100	-1738.258726	286.0920052	273.1180877
14200	-1793.324387	271.9944004	305.4494181
14300	-1856.485934	275.7533415	296.9139522
14400	-1853.715489	289.5165318	308.4940967
14500	-1872.904831	305.2360859	306.9873273
14600	-1831.432056	254.0976034	301.0808448
14700	-1881.136155	301.5270172	275.0854904
14800	-1871.16836	299.5998372	295.9366735
14900	-1848.230678	279.4331242	266.3720878
15000	-1798.219485	292.5509093	292.9068062
15100	-1844.899861	297.2863577	319.6088611
15200	-1863.386274	289.2370109	302.7604322
15300	-1880.309625	300.5029301	301.3961507
15400	-1835.564567	298.3792574	269.7195064
15500	-1883.328347	285.5161883	306.6276877
15600	-1879.249048	268.3775027	290.5602199
15700	-1932.268757	287.1193672	296.5875027
15800	-1920.743704	282.020651	293.0892661
15900	-1948.693313	261.741888	291.1719486
16000	-1934.671805	284.4415634	294.1622194
16100	-1915.810105	296.2722625	270.8338544
16200	-1917.092225	305.9001919	284.2114927
16300	-1924.401851	318.6815719	283.8577295
16400	-1909.183273	292.6091767	295.6175696
16500	-1939.386058	299.0265874	276.7251856
16600	-1923.371423	254.952579	295.2485638
16700	-1916.061796	289.1466343	283.3324548
16800	-1948.418582	276.0060581	298.2889406
16900	-1960.879741	297.7383569	297.0637889
17000	-1978.163377	334.8093413	300.6784891
17100	-1985.486669	297.748944	300.6990182
17200	-1998.566062	301.6405522	293.3791784
17300	-1979.969222	299.8910851	297.99681
17400	-1992.945019	296.04987	269.005641
17500	-1926.336932	299.7308839	270.6943304
17600	-1943.614564	306.4032903	289.7419611
17700	-1931.849345	323.2776799	264.2611328
17800	-1948.679754	277.1242839	288.7645796
17900	-1988.192724	294.1024229	284.3155371
18000	-2003.318544	270.6378941	281.9812054
18100	-1995.050215	293.2654104	288.0170316
18200	-2014.662572	293.8122402	299.7481532
18300	-1977.525798	294.7934439	280.3729887
18400	-1993.641089	271.4210035	318.5239537
18500	-1967.892614	268.2719773	274.749941
18600	-1989.259531	273.922334	271.135085
18700	-1991.671591	277.1060424	298.1074393
18800	-1947.056589	249.0334001	281.6867536
18900	-1954.865486	254.0091601	294.9719383
19000	-1989.897846	284.9023664	288.0809226
19100	-2021.157035	288.4132723	267.2363117
19200	-1997.73141	283.8175429	269.785155
19300	-1976.754728	305.6459147	292.1315921
19400	-2016.881439	285.3663974	310.7563513
19500	-2014.716897	268.3957616	277.6904448
19600	-2049.843249	280.7747367	304.424364
19700	-2067.73506	276.0029653	279.014385
19800	-2088.372042	280.4688103	284.1040572
19900	-2066.119068	292.2878856	267.3595009
20000	-2077.507854	257.4652346	289.1927595
20100	-2085.251562	267.227768	299.9503687
20200	-2124.87258	267.4492475	287.689033
20300	-2118.058366	274.836972	268.6888882
20400	-2099.081966	281.3062109	278.8278935
20500	-2061.275161	308.202863	257.6121682
20600	-2139.456423	323.8163303	306.9659219
20700	-2130.90201	314.3653875	287.0031926
20800	-2112.981591	284.8213782	284.7123828
20900	-2097.469638	286.5352976	276.5247867
21000	-2143.275859	315.6512046	288.6285051
21100	-2123.916471	303.5233133	268.7691928
21200	-2098.73611	291.8899726	279.6357439
21300	-2070.57215	274.7942439	283.4191394
21400	-2083.022568	298.748739	302.5239286
21500	-2127.465626	313.3656524	323.2233798
21600	-2155.094742	310.8574325	279.1153544
21700	-2131.656402	295.6925046	249.174523
21800	-2129.371556	302.7648122	274.2865036
21900	-2177.630799	290.5975816	299.5831985
22000	-2170.934231	299.9664243	305.5377138
22100	-2184.304109	291.331609	303.7675715
22200	-2167.429059	288.6464928	276.6486744
22300	-2187.858935	301.2493462	291.4373878
22400	-2170.295154	283.9320587	302.6321008
22500	-2149.300308	304.0666804	278.2675144
22600	-2221.416007	281.6160326	321.9158245
22700	-2210.323613	290.1823334	271.0318253
22800	-2220.702694	283.3520993	318.7365798
22900	-2265.561922	303.027938	287.8745485
23000	-2248.111415	282.4200243	309.604262
23100	-2222.707017	278.9417643	304.0038439
23200	-2239.870647	289.1744257	276.4339146
23300	-2153.065149	283.1867429	259.3350515
23400	-2216.226671	267.2485292	283.6668637
23500	-2223.205435	274.4812561	281.890175
23600	-2236.284187	287.7061118	285.4651553
23700	-2250.333084	284.3860775	278.4581085
23800	-2259.845644	290.1460357	288.7064782
23900	-2234.61123	287.5991144	279.8433819
24000	-2232.007613	280.1805494	290.3773977
24100	-2253.415842	274.0939955	295.7736181
24200	-2247.661533	287.7153463	297.9470205
24300	-2256.160014	271.6669517	294.9019653
24400	-2227.665937	260.4556094	276.7678275
24500	-2233.668393	249.6030958	310.3178253
24600	-2241.0685	292.8371393	304.3117502
24700	-2265.71141	276.8102036	280.4156634
24800	-2248.465492	288.6342542	286.3997629
24900	-2225.340556	250.9715154	298.2167677
25000	-2247.534908	254.2157141	295.0157979
25100	-2256.608987	309.1277579	302.2690379
25200	-2250.839907	298.5873616	285.3300525
25300	-2239.309597	297.2923452	283.2216456
25400	-2254.045316	298.5979704	294.8925687
25500	-2270.175667	311.3799985	301.9926505
25600	-2260.563358	329.3934111	268.91534
25700	-2230.298269	273.0540843	281.3454754
25800	-2223.18651	291.2356727	278.8957252
25900	-2255.325573	284.65198	285.5305755
26000	-2292.724597	307.5085913	282.7621199
26100	-2279.429626	282.9085695	293.9209194
26200	-2297.000225	289.5310662	297.2177837
26300	-2322.317865	316.4453563	295.6748554
26400	-2355.659477	316.3945186	289.6944226
26500	-2290.041773	275.8501453	292.2510916
26600	-2288.710926	291.8405075	290.1273604
26700	-2297.68055	283.3795221	297.9163043
26800	-2286.470024	298.1917818	275.1221163
26900	-2271.391546	304.36075	281.3521613
27000	-2308.931364	315.882885	288.2224724
27100	-2324.186634	292.0419076	286.416021
27200	-2274.291346	285.9822814	294.2597361
27300	-2249.180818	286.4626496	280.5416133
27400	-2277.45771	271.796597	299.1280894
27500	-2279.346469	289.9236406	318.9342838
27600	-2239.161131	317.7352577	306.5133512
27700	-2268.788701	306.1979004	303.2871929
27800	-2281.825508	310.0023043	300.5916123
27900	-2305.053652	314.8181328	311.4405608
28000	-2308.92293	317.8898669	306.4882645
28100	-2309.476844	296.6108477	327.468132
28200	-2316.539995	326.0201158	287.5576511
28300	-2347.601915	294.1349112	286.3981512
28400	-2307.439941	302.9926243	283.8713118
28500	-2317.835768	271.216372	290.414797
28600	-2387.321108	335.420838	289.7389683
28700	-2341.299652	298.4473717	277.1740471
28800	-2369.821819	292.3721446	300.6226724
28900	-2386.967809	322.7750159	278.5800266
29000	-2387.064196	321.8058201	301.2617924
29100	-2352.51548	296.339846	285.8460372
29200	-2377.331237	273.1321175	310.103743
29300	-2372.878562	303.0886118	309.0452898
29400	-2421.194393	269.6717856	288.9792334
29500	-2394.609022	285.3817437	288.2001049
29600	-2374.54918	282.0989919	274.3525484
29700	-2411.95325	278.2092557	278.7123471
29800	-2404.081854	287.7733898	238.6169482
29900	-2424.997144	291.7880757	243.5329698
30000	-2404.247703	283.5585558	246.6891534
30100	-2417.440083	313.5556706	287.8244347
30200	-2384.528918	308.262439	264.9477646
30300	-2386.038508	300.0123119	295.2520599
30400	-2407.421422	309.9182144	302.9054792
30500	-2393.432423	284.4460916	291.954462
30600	-2374.066411	277.9202983	262.9752037
30700	-2397.021217	291.7368479	295.314576
30800	-2376.566706	289.1079353	275.5441005
30900	-2414.794399	289.0508644	270.2600572
31000	-2432.483935	305.7505284	311.300407
31100	-2412.180087	273.0472969	291.0571028
31200	-2425.293993	313.3317027	306.9673844
31300	-2451.561019	303.7845706	272.7829908
31400	-2396.63182	285.2872913	267.8154882
31500	-2402.612752	279.0839319	291.3787172
31600	-2452.778472	286.3616241	276.6118785
31700	-2454.994723	287.4474617	262.8169507
31800	-2412.195401	248.0836869	272.4877441
31900	-2429.268837	289.9183415	273.9756559
32000	-2419.135046	304.2518725	283.6060761
32100	-2422.164556	317.7756938	258.3050319
32200	-2404.460775	301.7399468	276.4353002
32300	-2457.516258	305.1206304	294.0087518
32400	-2380.881112	256.879797	289.8850663
32500	-2374.423988	272.3698071	294.7643914
32600	-2419.009325	301.4902734	312.3913666
32700	-2395.531048	291.1287856	300.2947068
32800	-2369.035182	282.3095184	300.2016791
32900	-2394.338833	283.6845362	288.3906761
33000	-2418.32452	285.1248766	312.5330195
33100	-2391.694662	281.785645	304.910181
33200	-2433.416525	308.785013	303.1864894
33300	-2463.254715	296.2113573	301.7133169
33400	-2471.774791	306.22559	280.1378436
33500	-2504.598327	309.4764875	275.3820798
33600	-2448.129354	313.0300107	265.4940942
33700	-2439.770076	294.8773873	300.1254133
33800	-2426.653242	301.225241	291.2033739
33900	-2444.852777	300.4440665	316.3744132
34000	-2445.60718	289.590533	299.0506804
34100	-2446.854746	288.9135167	314.7872216
34200	-2481.110856	281.8201528	299.4909329
34300	-2475.751936	285.5844579	314.936173
34400	-2520.205272	292.8501408	319.1542183
34500	-2480.977857	293.663706	287.105512
34600	-2501.179372	295.9878591	315.0103303
34700	-2490.576243	278.9129285	288.0263139
34800	-2525.28372	279.8350907	323.66581
34900	-2489.744327	330.7039017	273.8493409
35000	-2526.933953	282.2088489	294.9978647
35100	-2483.754939	276.1459182	269.1589442
35200	-2474.32386	279.2812939	280.4608239
35300	-2455.511172	271.8020435	270.2049939
35400	-2474.128121	286.3211709	265.1116006
35500	-2494.271126	279.4454894	281.9714038
35600	-2464.196927	286.175064	292.0491899
35700	-2439.901775	295.6283712	286.6276533
35800	-2414.726731	259.5847812	305.2270111
35900	-2487.045806	279.2581936	329.7081576
36000	-2424.63348	296.8688273	292.9857774
36100	-2457.612092	282.4769575	319.7513196
36200	-2477.797188	291.758431	304.6311625
36300	-2493.173188	320.5766528	305.6895141
36400	-2494.480252	310.6226973	310.1861778
36500	-2511.453821	294.6525234	288.9508785
36600	-2516.095789	321.3933281	309.8229742
36700	-2499.737961	290.8538341	310.2998462
36800	-2498.577905	274.1590632	292.8583304
36900	-2495.33127	283.3961676	265.5684098
37000	-2493.875198	272.5395653	280.6506503
37100	-2506.05815	295.5040831	277.3454573
37200	-2559.506123	277.5760636	288.6861057
37300	-2563.894926	278.4711535	321.5628544
37400	-2532.953225	264.6506225	312.8900115
37500	-2560.181577	293.7352851	282.782584
37600	-2563.168565	265.4900347	296.4511018
37700	-2539.901733	281.5532729	311.1243466
37800	-2506.709236	298.1628328	278.8373679
37900	-2514.581077	264.1101601	285.7094639
38000	-2557.723845	285.4451516	269.4449036
38100	-2543.848555	286.0585183	290.4945409
38200	-2521.852751	287.6461375	277.2574267
38300	-2550.42065	269.0554044	284.1306721
38400	-2553.857055	300.0383974	288.9479746
38500	-2551.812531	328.3978445	277.5634099
38600	-2545.039504	295.05728	307.3783864
38700	-2475.777583	290.0774573	286.3365738
38800	-2477.922041	295.681772	292.1188813
38900	-2509.84179	294.7274543	268.9694424
39000	-2536.240319	304.5266536	295.4296406
39100	-2569.506797	299.4428244	296.9143278
39200	-2589.146499	289.318321	291.0632008
39300	-2599.988158	290.3071637	284.0288063
39400	-2592.045915	298.3681373	296.8119372
39500	-2573.764699	289.1441966	287.4743279
39600	-2581.509234	308.0135247	325.986176
39700	-2589.227191	311.8275048	286.2501247
39800	-2529.530958	281.9335887	299.4616601
39900	-2620.510187	271.5493544	293.8359862
40000	-2582.127437	324.040515	278.2023285
40100	-2587.919486	297.0949107	309.2755974
40200	-2592.774665	328.5266125	285.1010673
40300	-2591.804321	328.5158834	334.2277704
40400	-2571.466791	337.3372313	277.0812697
40500	-2565.931093	309.6045334	269.2833413
40600	-2588.017538	300.326836	273.7075523
40700	-2614.512837	293.1687835	301.7274688
40800	-2602.981009	271.2552248	306.8462008
40900	-2638.013329	278.4802327	319.1209438
41000	-2686.493554	295.2772218	285.7902378
41100	-2697.213104	319.9608048	297.9515612
41200	-2716.686339	314.0620959	304.391318
41300	-2666.802918	295.5136959	309.0872375
41400	-2684.541907	284.4123797	281.5363819
41500	-2706.925144	287.221029	278.2596034
41600	-2711.842116	297.4315211	305.1950216
41700	-2703.273017	291.9175777	274.1810719
41800	-2699.946314	301.4921109	292.4843599
41900	-2678.437601	302.1964526	315.3252565
42000	-2693.468122	301.4242823	293.1262079
42100	-2714.788281	285.783615	283.3900108
42200	-2742.858611	316.9884826	273.8668661
42300	-2748.222625	269.520111	278.6049231
42400	-2669.012594	251.3289409	263.8778247
42500	-2716.921475	249.7534553	290.9147709
42600	-2714.432376	277.4246958	257.9220162
42700	-2725.062579	279.4713721	270.3996616
42800	-2694.993504	282.2470349	257.7506462
42900	-2703.278476	280.3925265	273.182067
43000	-2697.825448	276.7074286	263.3971713
43100	-2731.65508	277.4972964	269.0911677
43200	-2734.131072	294.7373732	284.8126155
43300	-2785.706929	298.9402197	263.7168783
43400	-2787.488756	270.9457363	278.5483534
43500	-2777.059439	270.8105786	250.7261215
43600	-2828.697365	292.2853604	252.1590756
43700	-2801.374565	282.9454358	283.1292673
43800	-2786.757234	275.3591127	281.5927796
43900	-2794.60704	262.9895429	277.9280684
44000	-2804.450731	260.4769631	264.5637711
44100	-2795.944692	273.8378452	259.034922
44200	-2819.366782	279.492018	256.0132487
44300	-2760.113078	274.8713647	261.9024527
44400	-2798.705342	269.4997381	291.2217765
44500	-2767.092529	271.3394395	281.5773496
44600	-2794.866372	290.177943	259.9686715
44700	-2800.075367	289.6271755	275.0278896
44800	-2796.147781	273.8954543	299.4035803
44900	-2791.025497	277.2369821	275.4386539
45000	-2812.327463	267.121562	293.0427883
45100	-2800.47266	252.6990239	258.9086614
45200	-2819.300936	259.7857173	288.2250537
45300	-2774.648168	284.4357914	300.421945
45400	-2793.825662	298.1234643	268.4647102
45500	-2808.811639	321.0983567	281.8316956
45600	-2795.073478	305.2134593	263.2853144
45700	-2720.980328	295.0337842	260.6620951
45800	-2745.460548	276.7286198	280.8434398
45900	-2792.278417	296.3027658	274.0819543
46000	-2771.048572	246.5566572	281.0570844
46100	-2792.801534	272.7624989	311.4018572
46200	-2760.947694	270.9600436	295.6680831
46300	-2793.383351	281.9048573	303.7867012
46400	-2760.95803	263.3203752	298.5423845
46500	-2814.087579	301.502288	274.3180429
46600	-2810.09618	269.7269827	276.8775108
46700	-2815.835301	282.8441047	291.7584061
46800	-2788.29893	299.3085008	248.0213713
46900	-2781.481944	312.0029669	254.3793723
47000	-2804.899487	315.3878465	299.4190666
47100	-2791.664717	286.3174535	297.1842374
47200	-2794.90205	268.2662255	283.0297415
47300	-2720.548215	294.2903053	280.9862768
47400	-2841.670362	283.8806175	324.1620878
47500	-2822.9838	298.5085702	263.7723589
47600	-2834.18349	289.0408551	303.0371672
47700	-2824.551952	262.1079868	292.6182841
47800	-2894.283541	294.9328045	296.2532827
47900	-2860.802905	293.6939892	294.5994528
48000	-2856.494892	298.6879236	271.7944974
48100	-2849.287014	291.7429504	307.5828757
48200	-2809.535487	292.17562	303.2866826
48300	-2877.376117	317.6547933	279.6558867
48400	-2842.405946	307.5718584	279.611021
48500	-2846.821186	270.5519758	286.327352
48600	-2914.036711	304.4235929	305.6642961
48700	-2881.109933	309.0604329	286.6949519
48800	-2881.840483	278.3370428	275.3918329
48900	-2889.117107	273.729957	301.8058775
49000	-2916.983175	279.8624365	302.3194213
49100	-2879.558141	266.7857517	295.2052666
49200	-2873.247441	287.285357	268.1118448
49300	-2866.374778	294.3005494	268.4429814
49400	-2876.600415	261.2031708	299.0612053
49500	-2931.665191	276.0830252	265.7636506
49600	-2911.06572	253.3276894	292.869706
49700	-2928.486109	299.2568635	283.0550271
49800	-2939.881744	273.8215134	279.4014483
49900	-2894.328063	262.5136547	282.4598814
50000	-2874.71029	271.878158	264.6452012
50100	-2907.788408	255.5062059	291.5205793
50200	-2875.910079	280.8662493	281.2989109
50300	-2881.734256	237.4441723	293.4104369
50400	-2914.525005	254.8770079	297.6907826
50500	-2863.85085	244.1347433	277.1797634
50600	-2910.814642	267.4864371	287.6653044
50700	-2929.270282	291.2045374	264.3311633
50800	-2936.034198	283.2813601	293.5733731
50900	-2933.376873	315.8881498	256.5051638
51000	-2935.894614	306.3787232	290.6744491
51100	-2932.33927	288.9720372	290.0858818
51200	-2961.723889	334.9514126	285.7770171
51300	-2933.86552	296.6088943	277.8601575
51400	-2898.163801	288.9772237	295.4933398
51500	-2898.047073	296.4762609	275.1715839
51600	-2860.443662	276.9580907	292.5070374
51700	-2999.903562	314.0008122	331.266754
51800	-3014.681181	307.1612063	317.0253985
51900	-2977.880825	306.0974031	289.4394501
52000	-2974.386714	293.169211	298.5033682
52100	-3006.66491	289.4833298	292.0317784
52200	-2999.756072	310.7423459	293.3690806
52300	-2915.812843	262.1778096	286.9777057
52400	-3000.778051	291.709829	270.0520763
52500	-2969.020227	250.6438501	275.9004463
52600	-2936.995681	262.3581612	289.7195835
52700	-2972.96455	264.9741001	280.5219699
52800	-3028.197014	248.8323058	293.9200751
52900	-3037.515952	287.1345191	308.9656908
53000	-3010.324546	276.8591692	304.137256
53100	-2978.719171	265.6908415	258.139876
53200	-3039.125056	271.9184579	310.7804727
53300	-3016.370766	298.2333106	270.6704339
53400	-3017.856874	280.7966698	270.6392332
53500	-2998.628636	246.877086	271.7547728
53600	-3010.579106	267.356937	258.2430031
53700	-3008.562572	260.8768342	268.7967969
53800	-3054.369485	278.9084136	270.8687517
53900	-3019.034155	293.251678	265.4022807
54000	-3031.594681	281.8849115	293.498617
54100	-3028.348671	282.760247	311.0398628
54200	-2995.014801	287.284613	301.5029385
54300	-2979.500652	284.0827839	290.4549561
54400	-3006.065896	293.0519326	312.8055029
54500	-3029.963827	307.6247854	299.3012665
54600	-3014.259429	293.5351887	296.6369736
54700	-3009.814688	287.06822	273.4022499
54800	-3052.97742	279.1953141	271.3815152
54900	-3063.270785	269.5957927	296.0883233
55000	-3024.450574	284.8014694	278.5242639
55100	-3030.894748	267.8720936	294.7224061
55200	-3089.073557	296.4735585	280.3267158
55300	-3087.38729	283.3872326	267.2808156
55400	-3099.579565	271.5831673	291.413391
55500	-3044.318771	287.200635	269.0509841
55600	-3071.680465	273.3275748	295.8802488
55700	-3054.678443	295.4717204	264.2084036
55800	-3020.958324	280.4472914	265.8453898
55900	-3041.663301	279.1434082	293.639585
56000	-3084.095307	284.1735385	305.2964549
56100	-3046.494494	261.72256	282.1905837
56200	-3061.825513	284.9702498	289.318221
56300	-3053.474557	286.2091475	309.4404574
56400	-2981.783824	286.9905906	311.7162825
56500	-2990.394854	269.8866312	286.9890567
56600	-3006.994573	250.5220508	283.3676451
56700	-3062.443561	288.7660189	298.3644981
56800	-3021.069027	268.2823266	282.9710386
56900	-3031.354599	278.8708036	292.5957481
57000	-3003.414645	282.7080018	273.1714078
57100	-3010.991414	296.5731076	292.7690526
57200	-3047.58654	296.2020336	294.1449058
57300	-3018.687797	314.1746798	266.8771989
57400	-2984.947477	296.9338629	286.257328
57500	-2979.257449	288.0832526	263.7506774
57600	-2989.800173	287.391821	280.6666427
57700	-2995.680685	276.4217873	304.2122443
57800	-3062.669146	304.9393167	301.5710959
57900	-2997.373778	301.3363007	252.2729552
58000	-3034.576047	294.4769009	311.0663921
58100	-3024.644495	314.6927442	278.7540635
58200	-3077.191907	301.1462108	283.321055
58300	-3022.290059	261.4649984	299.2288259
58400	-3026.022818	272.6804127	297.3586936
58500	-3010.813831	285.1512575	268.5391846
58600	-3107.714187	273.5282626	298.0076669
58700	-3047.363954	279.3780977	273.8799877
58800	-3075.126616	283.6382586	280.4491105
58900	-3064.633126	256.3966439	257.3712284
59000	-3049.846473	268.4831587	282.8355883
59100	-3065.500291	264.5612481	259.7480486
59200	-3021.905107	269.7349703	284.1954162
59300	-3075.904496	290.1285022	270.8402329
59400	-3054.359832	295.5670415	271.1390463
59500	-3061.16396	279.6868243	275.2370054
59600	-3083.3771	282.7912457	291.8816837
59700	-3117.552833	298.1448658	304.0283876
59800	-3074.104487	280.2775058	280.8335958
59900	-3043.794443	285.1980773	288.671241
60000	-2997.297111	303.6527943	286.6410531
60100	-3078.002148	294.4113705	302.95218
60200	-3106.78539	308.6716856	299.9268693
60300	-3087.671196	317.4001083	276.2446081
60400	-3114.984573	321.3628169	273.8343824
60500	-3056.748495	279.8946684	297.4101964
60600	-3101.043001	289.2120051	303.1907302
60700	-3085.628709	285.3410377	307.8495148
60800	-3109.333439	290.6795425	303.971023
60900	-3094.183763	270.4069394	325.9815919
61000	-3076.862992	278.1156796	277.4370236
61100	-3083.201808	288.5645316	280.9360197
61200	-3080.253281	302.186949	293.1005468
61300	-3045.90863	299.0697137	261.643822
61400	-3106.83991	288.8288971	298.429369
61500	-3069.674105	285.836897	270.1277351
61600	-3092.536914	281.3069502	275.0596397
61700	-3056.756296	279.6559976	275.108902
61800	-3117.160022	319.1893466	315.5409324
61900	-3133.821465	271.643374	300.3998231
62000	-3063.98648	295.3685126	282.5746514
62100	-3086.043731	327.0630494	291.9342005
62200	-3028.068649	296.5521915	260.6041867
62300	-3028.287579	293.0226631	290.1553792
62400	-3040.858512	297.4222182	307.8605512
62500	-3103.955288	305.8013519	321.3482019
62600	-3100.322512	297.397592	320.0888674
62700	-3078.867991	271.5075952	274.1996915
62800	-3118.129907	281.8615451	292.505622
62900	-3115.540405	247.641945	308.4844574
63000	-3137.740973	275.0445817	266.8337569
63100	-3118.650394	277.0304729	281.313936
63200	-3143.964259	282.7674765	285.9631015
63300	-3077.411122	291.2399343	267.8582308
63400	-3109.179384	303.6184599	278.2614051
63500	-3117.352224	287.0800144	279.9582087
63600	-3078.649633	281.1471434	267.7230043
63700	-3116.151021	310.8865795	266.1079775
63800	-3144.845181	319.8025623	289.3240369
63900	-3152.641816	325.4579334	253.6353367
64000	-3129.303048	311.3781168	291.5012645
64100	-3133.104551	297.1883543	290.5295602
64200	-3134.841087	293.7735237	304.9448646
64300	-3174.535291	299.2789755	305.724126
64400	-3203.933817	293.321777	302.3359502
64500	-3113.603178	279.8972322	310.9616386
64600	-3147.965489	314.7831375	308.1664493
64700	-3158.8963	304.1239918	286.0004592
64800	-3170.456252	297.7917127	284.5682799
64900	-3160.810279	271.6046724	302.9252385
65000	-3179.441445	287.1136392	293.8144617
65100	-3099.351257	263.6452901	276.2110612
65200	-3156.370404	283.7518174	298.1217896
65300	-3141.094532	284.4202645	263.108371
65400	-3119.981521	296.4448994	287.7874248
65500	-3173.026322	278.0108318	297.7455779
65600	-3173.119381	266.3534382	297.9120928
